#
# There is insufficient memory for the Java Runtime Environment to continue.
# Native memory allocation (mmap) failed to map 117964800 bytes for committing reserved memory.
# Possible reasons:
#   The system is out of physical RAM or swap space
#   In 32 bit mode, the process size limit was hit
# Possible solutions:
#   Reduce memory load on the system
#   Increase physical memory or swap space
#   Check if swap backing store is full
#   Use 64 bit Java on a 64 bit OS
#   Decrease Java heap size (-Xmx/-Xms)
#   Decrease number of Java threads
#   Decrease Java thread stack sizes (-Xss)
#   Set larger code cache with -XX:ReservedCodeCacheSize=
# This output file may be truncated or incomplete.
#
#  Out of Memory Error (os_linux.cpp:2627), pid=5153, tid=140170909001472
#
# JRE version: Java(TM) SE Runtime Environment (8.0_66-b17) (build 1.8.0_66-b17)
# Java VM: Java HotSpot(TM) 64-Bit Server VM (25.66-b17 mixed mode linux-amd64 compressed oops)
# Failed to write core dump. Core dumps have been disabled. To enable core dumping, try "ulimit -c unlimited" before starting Java again
#

---------------  T H R E A D  ---------------

Current thread (0x00007f7c2c078000):  VMThread [stack: 0x00007f7c152d2000,0x00007f7c153d3000] [id=5162]

Stack: [0x00007f7c152d2000,0x00007f7c153d3000],  sp=0x00007f7c153d1120,  free space=1020k
Native frames: (J=compiled Java code, j=interpreted, Vv=VM code, C=native code)
V  [libjvm.so+0xab9a1a]  VMError::report_and_die()+0x2ba
V  [libjvm.so+0x4f9e0b]  report_vm_out_of_memory(char const*, int, unsigned long, VMErrorType, char const*)+0x8b
V  [libjvm.so+0x91a8a3]  os::Linux::commit_memory_impl(char*, unsigned long, bool)+0x103
V  [libjvm.so+0x91adf9]  os::pd_commit_memory(char*, unsigned long, unsigned long, bool)+0x29
V  [libjvm.so+0x91510a]  os::commit_memory(char*, unsigned long, unsigned long, bool)+0x2a
V  [libjvm.so+0x9887a3]  PSVirtualSpace::expand_by(unsigned long)+0x53
V  [libjvm.so+0x979090]  PSOldGen::expand(unsigned long)+0x170
V  [libjvm.so+0x97929b]  PSOldGen::resize(unsigned long)+0x1cb
V  [libjvm.so+0x980f71]  PSParallelCompact::invoke_no_policy(bool)+0x991
V  [libjvm.so+0x9868cd]  PSScavenge::invoke()+0x1ad
V  [libjvm.so+0x93e500]  ParallelScavengeHeap::failed_mem_allocate(unsigned long)+0x70
V  [libjvm.so+0xabb437]  VM_ParallelGCFailedAllocation::doit()+0x97
V  [libjvm.so+0xac2e65]  VM_Operation::evaluate()+0x55
V  [libjvm.so+0xac123a]  VMThread::evaluate_operation(VM_Operation*)+0xba
V  [libjvm.so+0xac15be]  VMThread::loop()+0x1ce
V  [libjvm.so+0xac1a30]  VMThread::run()+0x70
V  [libjvm.so+0x91cc68]  java_start(Thread*)+0x108

VM_Operation (0x00007f7c33a92510): ParallelGCFailedAllocation, mode: safepoint, requested by thread 0x00007f7c2c00a000


---------------  P R O C E S S  ---------------

Java Threads: ( => current thread )
  0x00007f7c2c1b2800 JavaThread "pool-2-thread-4" [_thread_blocked, id=5175, stack(0x00007f7c0fdfe000,0x00007f7c0feff000)]
  0x00007f7c2c1b0800 JavaThread "pool-2-thread-3" [_thread_blocked, id=5174, stack(0x00007f7c0feff000,0x00007f7c10000000)]
  0x00007f7c2c1af000 JavaThread "pool-2-thread-2" [_thread_blocked, id=5173, stack(0x00007f7c14095000,0x00007f7c14196000)]
  0x00007f7c2c1ae000 JavaThread "pool-3-thread-1" [_thread_blocked, id=5172, stack(0x00007f7c14196000,0x00007f7c14297000)]
  0x00007f7c2c1ab800 JavaThread "pool-2-thread-1" [_thread_blocked, id=5171, stack(0x00007f7c14297000,0x00007f7c14398000)]
  0x00007f7c2c0c8800 JavaThread "Service Thread" daemon [_thread_blocked, id=5169, stack(0x00007f7c144e9000,0x00007f7c145ea000)]
  0x00007f7c2c0bb800 JavaThread "C1 CompilerThread2" daemon [_thread_blocked, id=5168, stack(0x00007f7c145ea000,0x00007f7c146eb000)]
  0x00007f7c2c0b9800 JavaThread "C2 CompilerThread1" daemon [_thread_blocked, id=5167, stack(0x00007f7c146eb000,0x00007f7c147ec000)]
  0x00007f7c2c0b6800 JavaThread "C2 CompilerThread0" daemon [_thread_blocked, id=5166, stack(0x00007f7c147ec000,0x00007f7c148ed000)]
  0x00007f7c2c0b5000 JavaThread "Signal Dispatcher" daemon [_thread_blocked, id=5165, stack(0x00007f7c148ed000,0x00007f7c149ee000)]
  0x00007f7c2c07f800 JavaThread "Finalizer" daemon [_thread_blocked, id=5164, stack(0x00007f7c150d0000,0x00007f7c151d1000)]
  0x00007f7c2c07d000 JavaThread "Reference Handler" daemon [_thread_blocked, id=5163, stack(0x00007f7c151d1000,0x00007f7c152d2000)]
  0x00007f7c2c00a000 JavaThread "main" [_thread_blocked, id=5157, stack(0x00007f7c33994000,0x00007f7c33a95000)]

Other Threads:
=>0x00007f7c2c078000 VMThread [stack: 0x00007f7c152d2000,0x00007f7c153d3000] [id=5162]
  0x00007f7c2c0cb800 WatcherThread [stack: 0x00007f7c143e8000,0x00007f7c144e9000] [id=5170]

VM state:at safepoint (normal execution)

VM Mutex/Monitor currently owned by a thread:  ([mutex/lock_event])
[0x00007f7c2c005d90] ExpandHeap_lock - owner thread: 0x00007f7c2c078000
[0x00007f7c2c006410] Threads_lock - owner thread: 0x00007f7c2c078000
[0x00007f7c2c006910] Heap_lock - owner thread: 0x00007f7c2c00a000

Heap:
 PSYoungGen      total 274432K, used 41857K [0x00000000eab00000, 0x0000000100000000, 0x0000000100000000)
  eden space 199680K, 0% used [0x00000000eab00000,0x00000000eab00000,0x00000000f6e00000)
  from space 74752K, 55% used [0x00000000f6e00000,0x00000000f96e0660,0x00000000fb700000)
  to   space 74752K, 0% used [0x00000000fb700000,0x00000000fb700000,0x0000000100000000)
 ParOldGen       total 220672K, used 220580K [0x00000000c0000000, 0x00000000cd780000, 0x00000000eab00000)
  object space 220672K, 99% used [0x00000000c0000000,0x00000000cd769318,0x00000000cd780000)
 Metaspace       used 6544K, capacity 7320K, committed 7680K, reserved 1056768K
  class space    used 614K, capacity 656K, committed 768K, reserved 1048576K

Card table byte_map: [0x00007f7c30553000,0x00007f7c30754000] byte_map_base: 0x00007f7c2ff53000

Marking Bits: (ParMarkBitMap*) 0x00007f7c32e65020
 Begin Bits: [0x00007f7c16000000, 0x00007f7c17000000)
 End Bits:   [0x00007f7c17000000, 0x00007f7c18000000)

Polling page: 0x00007f7c33ab2000

CodeCache: size=245760Kb used=10521Kb max_used=10535Kb free=235238Kb
 bounds [0x00007f7c1d000000, 0x00007f7c1da50000, 0x00007f7c2c000000]
 total_blobs=2670 nmethods=2401 adapters=182
 compilation: enabled

Compilation events (10 events):
Event: 14.209 Thread 0x00007f7c2c0b6800 nmethod 2651 0x00007f7c1da3c8d0 code [0x00007f7c1da3d2a0, 0x00007f7c1da3dc38]
Event: 14.209 Thread 0x00007f7c2c0b6800 2625       4       java.util.HashMap::putVal (300 bytes)
Event: 14.263 Thread 0x00007f7c2c0b6800 nmethod 2625 0x00007f7c1da37f90 code [0x00007f7c1da381a0, 0x00007f7c1da39270]
Event: 14.263 Thread 0x00007f7c2c0b6800 2577       4       com.android.dx.ssa.Dominators::run (506 bytes)
Event: 14.268 Thread 0x00007f7c2c0bb800 2671       2       java.util.HashMap::replacementTreeNode (21 bytes)
Event: 14.268 Thread 0x00007f7c2c0bb800 nmethod 2671 0x00007f7c1da1b050 code [0x00007f7c1da1b1c0, 0x00007f7c1da1b3d0]
Event: 14.337 Thread 0x00007f7c2c0bb800 2673       2       com.android.dx.rop.code.ThrowingCstInsn::withAddedCatch (34 bytes)
Event: 14.338 Thread 0x00007f7c2c0bb800 nmethod 2673 0x00007f7c1da1ab90 code [0x00007f7c1da1ad00, 0x00007f7c1da1af58]
Event: 14.349 Thread 0x00007f7c2c0bb800 2674       2       java.util.concurrent.FutureTask::awaitDone (171 bytes)
Event: 14.350 Thread 0x00007f7c2c0bb800 nmethod 2674 0x00007f7c1da3fad0 code [0x00007f7c1da3fca0, 0x00007f7c1da403a8]

GC Heap History (10 events):
Event: 9.817 GC heap after
Heap after GC invocations=16 (full 2):
 PSYoungGen      total 268800K, used 51684K [0x00000000eab00000, 0x0000000100000000, 0x0000000100000000)
  eden space 217088K, 0% used [0x00000000eab00000,0x00000000eab00000,0x00000000f7f00000)
  from space 51712K, 99% used [0x00000000fcd80000,0x00000000ffff9130,0x0000000100000000)
  to   space 66048K, 0% used [0x00000000f7f00000,0x00000000f7f00000,0x00000000fbf80000)
 ParOldGen       total 137216K, used 123772K [0x00000000c0000000, 0x00000000c8600000, 0x00000000eab00000)
  object space 137216K, 90% used [0x00000000c0000000,0x00000000c78df3b8,0x00000000c8600000)
 Metaspace       used 6515K, capacity 7256K, committed 7424K, reserved 1056768K
  class space    used 614K, capacity 656K, committed 768K, reserved 1048576K
}
Event: 9.817 GC heap before
{Heap before GC invocations=17 (full 3):
 PSYoungGen      total 268800K, used 51684K [0x00000000eab00000, 0x0000000100000000, 0x0000000100000000)
  eden space 217088K, 0% used [0x00000000eab00000,0x00000000eab00000,0x00000000f7f00000)
  from space 51712K, 99% used [0x00000000fcd80000,0x00000000ffff9130,0x0000000100000000)
  to   space 66048K, 0% used [0x00000000f7f00000,0x00000000f7f00000,0x00000000fbf80000)
 ParOldGen       total 137216K, used 123772K [0x00000000c0000000, 0x00000000c8600000, 0x00000000eab00000)
  object space 137216K, 90% used [0x00000000c0000000,0x00000000c78df3b8,0x00000000c8600000)
 Metaspace       used 6515K, capacity 7256K, committed 7424K, reserved 1056768K
  class space    used 614K, capacity 656K, committed 768K, reserved 1048576K
Event: 11.294 GC heap after
Heap after GC invocations=17 (full 3):
 PSYoungGen      total 268800K, used 36197K [0x00000000eab00000, 0x0000000100000000, 0x0000000100000000)
  eden space 217088K, 0% used [0x00000000eab00000,0x00000000eab00000,0x00000000f7f00000)
  from space 51712K, 69% used [0x00000000fcd80000,0x00000000ff0d9460,0x0000000100000000)
  to   space 66048K, 0% used [0x00000000f7f00000,0x00000000f7f00000,0x00000000fbf80000)
 ParOldGen       total 220672K, used 136719K [0x00000000c0000000, 0x00000000cd780000, 0x00000000eab00000)
  object space 220672K, 61% used [0x00000000c0000000,0x00000000c8583d28,0x00000000cd780000)
 Metaspace       used 6515K, capacity 7256K, committed 7424K, reserved 1056768K
  class space    used 614K, capacity 656K, committed 768K, reserved 1048576K
}
Event: 12.190 GC heap before
{Heap before GC invocations=18 (full 3):
 PSYoungGen      total 268800K, used 253285K [0x00000000eab00000, 0x0000000100000000, 0x0000000100000000)
  eden space 217088K, 100% used [0x00000000eab00000,0x00000000f7f00000,0x00000000f7f00000)
  from space 51712K, 69% used [0x00000000fcd80000,0x00000000ff0d9460,0x0000000100000000)
  to   space 66048K, 0% used [0x00000000f7f00000,0x00000000f7f00000,0x00000000fbf80000)
 ParOldGen       total 220672K, used 136719K [0x00000000c0000000, 0x00000000cd780000, 0x00000000eab00000)
  object space 220672K, 61% used [0x00000000c0000000,0x00000000c8583d28,0x00000000cd780000)
 Metaspace       used 6519K, capacity 7256K, committed 7424K, reserved 1056768K
  class space    used 614K, capacity 656K, committed 768K, reserved 1048576K
Event: 12.430 GC heap after
Heap after GC invocations=18 (full 3):
 PSYoungGen      total 283136K, used 31312K [0x00000000eab00000, 0x0000000100000000, 0x0000000100000000)
  eden space 217088K, 0% used [0x00000000eab00000,0x00000000eab00000,0x00000000f7f00000)
  from space 66048K, 47% used [0x00000000f7f00000,0x00000000f9d94080,0x00000000fbf80000)
  to   space 65024K, 0% used [0x00000000fc080000,0x00000000fc080000,0x0000000100000000)
 ParOldGen       total 220672K, used 173117K [0x00000000c0000000, 0x00000000cd780000, 0x00000000eab00000)
  object space 220672K, 78% used [0x00000000c0000000,0x00000000ca90f6b8,0x00000000cd780000)
 Metaspace       used 6519K, capacity 7256K, committed 7424K, reserved 1056768K
  class space    used 614K, capacity 656K, committed 768K, reserved 1048576K
}
Event: 13.501 GC heap before
{Heap before GC invocations=19 (full 3):
 PSYoungGen      total 283136K, used 248400K [0x00000000eab00000, 0x0000000100000000, 0x0000000100000000)
  eden space 217088K, 100% used [0x00000000eab00000,0x00000000f7f00000,0x00000000f7f00000)
  from space 66048K, 47% used [0x00000000f7f00000,0x00000000f9d94080,0x00000000fbf80000)
  to   space 65024K, 0% used [0x00000000fc080000,0x00000000fc080000,0x0000000100000000)
 ParOldGen       total 220672K, used 173117K [0x00000000c0000000, 0x00000000cd780000, 0x00000000eab00000)
  object space 220672K, 78% used [0x00000000c0000000,0x00000000ca90f6b8,0x00000000cd780000)
 Metaspace       used 6531K, capacity 7320K, committed 7680K, reserved 1056768K
  class space    used 614K, capacity 656K, committed 768K, reserved 1048576K
Event: 13.643 GC heap after
Heap after GC invocations=19 (full 3):
 PSYoungGen      total 264704K, used 61752K [0x00000000eab00000, 0x0000000100000000, 0x0000000100000000)
  eden space 199680K, 0% used [0x00000000eab00000,0x00000000eab00000,0x00000000f6e00000)
  from space 65024K, 94% used [0x00000000fc080000,0x00000000ffcce1d0,0x0000000100000000)
  to   space 74752K, 0% used [0x00000000f6e00000,0x00000000f6e00000,0x00000000fb700000)
 ParOldGen       total 220672K, used 173125K [0x00000000c0000000, 0x00000000cd780000, 0x00000000eab00000)
  object space 220672K, 78% used [0x00000000c0000000,0x00000000ca9116b8,0x00000000cd780000)
 Metaspace       used 6531K, capacity 7320K, committed 7680K, reserved 1056768K
  class space    used 614K, capacity 656K, committed 768K, reserved 1048576K
}
Event: 14.460 GC heap before
{Heap before GC invocations=20 (full 3):
 PSYoungGen      total 264704K, used 261432K [0x00000000eab00000, 0x0000000100000000, 0x0000000100000000)
  eden space 199680K, 100% used [0x00000000eab00000,0x00000000f6e00000,0x00000000f6e00000)
  from space 65024K, 94% used [0x00000000fc080000,0x00000000ffcce1d0,0x0000000100000000)
  to   space 74752K, 0% used [0x00000000f6e00000,0x00000000f6e00000,0x00000000fb700000)
 ParOldGen       total 220672K, used 173125K [0x00000000c0000000, 0x00000000cd780000, 0x00000000eab00000)
  object space 220672K, 78% used [0x00000000c0000000,0x00000000ca9116b8,0x00000000cd780000)
 Metaspace       used 6544K, capacity 7320K, committed 7680K, reserved 1056768K
  class space    used 614K, capacity 656K, committed 768K, reserved 1048576K
Event: 14.692 GC heap after
Heap after GC invocations=20 (full 3):
 PSYoungGen      total 274432K, used 74726K [0x00000000eab00000, 0x0000000100000000, 0x0000000100000000)
  eden space 199680K, 0% used [0x00000000eab00000,0x00000000eab00000,0x00000000f6e00000)
  from space 74752K, 99% used [0x00000000f6e00000,0x00000000fb6f98c8,0x00000000fb700000)
  to   space 74752K, 0% used [0x00000000fb700000,0x00000000fb700000,0x0000000100000000)
 ParOldGen       total 220672K, used 189948K [0x00000000c0000000, 0x00000000cd780000, 0x00000000eab00000)
  object space 220672K, 86% used [0x00000000c0000000,0x00000000cb97f088,0x00000000cd780000)
 Metaspace       used 6544K, capacity 7320K, committed 7680K, reserved 1056768K
  class space    used 614K, capacity 656K, committed 768K, reserved 1048576K
}
Event: 14.692 GC heap before
{Heap before GC invocations=21 (full 4):
 PSYoungGen      total 274432K, used 74726K [0x00000000eab00000, 0x0000000100000000, 0x0000000100000000)
  eden space 199680K, 0% used [0x00000000eab00000,0x00000000eab00000,0x00000000f6e00000)
  from space 74752K, 99% used [0x00000000f6e00000,0x00000000fb6f98c8,0x00000000fb700000)
  to   space 74752K, 0% used [0x00000000fb700000,0x00000000fb700000,0x0000000100000000)
 ParOldGen       total 220672K, used 189948K [0x00000000c0000000, 0x00000000cd780000, 0x00000000eab00000)
  object space 220672K, 86% used [0x00000000c0000000,0x00000000cb97f088,0x00000000cd780000)
 Metaspace       used 6544K, capacity 7320K, committed 7680K, reserved 1056768K
  class space    used 614K, capacity 656K, committed 768K, reserved 1048576K

Deoptimization events (10 events):
Event: 5.755 Thread 0x00007f7c2c1b2800 Uncommon trap: reason=unstable_if action=reinterpret pc=0x00007f7c1d7579fc method=com.android.dx.rop.cst.CstNat.equals(Ljava/lang/Object;)Z @ 25
Event: 5.779 Thread 0x00007f7c2c00a000 Uncommon trap: reason=class_check action=maybe_recompile pc=0x00007f7c1d765d7c method=com.android.dx.rop.code.RegisterSpec.withSimpleType()Lcom/android/dx/rop/code/RegisterSpec; @ 21
Event: 5.779 Thread 0x00007f7c2c00a000 Uncommon trap: reason=class_check action=maybe_recompile pc=0x00007f7c1d765d7c method=com.android.dx.rop.code.RegisterSpec.withSimpleType()Lcom/android/dx/rop/code/RegisterSpec; @ 21
Event: 6.046 Thread 0x00007f7c2c1b0800 Uncommon trap: reason=unstable_if action=reinterpret pc=0x00007f7c1d6556b4 method=com.android.dx.ssa.SCCP.simulateStmt(Lcom/android/dx/ssa/SsaInsn;)V @ 59
Event: 7.236 Thread 0x00007f7c2c00a000 Uncommon trap: reason=unstable_if action=reinterpret pc=0x00007f7c1d87db68 method=com.android.dx.rop.code.RegisterSpec.intersect(Lcom/android/dx/rop/code/RegisterSpec;Z)Lcom/android/dx/rop/code/RegisterSpec; @ 42
Event: 7.772 Thread 0x00007f7c2c00a000 Uncommon trap: reason=bimorphic action=maybe_recompile pc=0x00007f7c1d8af024 method=com.android.dx.rop.code.RegisterSpec.withSimpleType()Lcom/android/dx/rop/code/RegisterSpec; @ 21
Event: 7.785 Thread 0x00007f7c2c1af000 Uncommon trap: reason=unstable_if action=reinterpret pc=0x00007f7c1d8af464 method=com.android.dx.rop.code.RegisterSpec.intersect(Lcom/android/dx/rop/code/RegisterSpec;Z)Lcom/android/dx/rop/code/RegisterSpec; @ 42
Event: 7.820 Thread 0x00007f7c2c00a000 Uncommon trap: reason=unstable_if action=reinterpret pc=0x00007f7c1d375e04 method=com.android.dx.rop.code.RegisterSpecSet.<init>(I)V @ 2
Event: 12.535 Thread 0x00007f7c2c1af000 Uncommon trap: reason=unstable_if action=reinterpret pc=0x00007f7c1d99dba0 method=com.android.dx.rop.code.RegisterSpecSet.localItemToSpec(Lcom/android/dx/rop/code/LocalItem;)Lcom/android/dx/rop/code/RegisterSpec; @ 35
Event: 13.288 Thread 0x00007f7c2c1af000 Uncommon trap: reason=unstable_if action=reinterpret pc=0x00007f7c1da27550 method=com.android.dx.rop.code.LocalVariableInfo.mergeStarts(ILcom/android/dx/rop/code/RegisterSpecSet;)Z @ 31

Internal exceptions (6 events):
Event: 0.033 Thread 0x00007f7c2c00a000 Exception <a 'java/lang/NoSuchMethodError': Method sun.misc.Unsafe.defineClass(Ljava/lang/String;[BII)Ljava/lang/Class; name or signature does not match> (0x00000000eab12a60) thrown at [/HUDSON/workspace/8-2-build-linux-amd64/jdk8u66/4988/hotspot/src/shar
Event: 0.033 Thread 0x00007f7c2c00a000 Exception <a 'java/lang/NoSuchMethodError': Method sun.misc.Unsafe.prefetchRead(Ljava/lang/Object;J)V name or signature does not match> (0x00000000eab12d48) thrown at [/HUDSON/workspace/8-2-build-linux-amd64/jdk8u66/4988/hotspot/src/share/vm/prims/jni.cpp
Event: 1.616 Thread 0x00007f7c2c00a000 Implicit null exception at 0x00007f7c1d3dcfc8 to 0x00007f7c1d3df7b9
Event: 2.984 Thread 0x00007f7c2c1af000 Exception <a 'java/lang/ArrayIndexOutOfBoundsException': 18> (0x00000000ecf279f0) thrown at [/HUDSON/workspace/8-2-build-linux-amd64/jdk8u66/4988/hotspot/src/share/vm/interpreter/interpreterRuntime.cpp, line 366]
Event: 2.985 Thread 0x00007f7c2c1af000 Exception <a 'java/lang/ArrayIndexOutOfBoundsException': 145> (0x00000000ecf29570) thrown at [/HUDSON/workspace/8-2-build-linux-amd64/jdk8u66/4988/hotspot/src/share/vm/interpreter/interpreterRuntime.cpp, line 366]
Event: 2.986 Thread 0x00007f7c2c1af000 Exception <a 'java/lang/ArrayIndexOutOfBoundsException': 40> (0x00000000ecf2a858) thrown at [/HUDSON/workspace/8-2-build-linux-amd64/jdk8u66/4988/hotspot/src/share/vm/interpreter/interpreterRuntime.cpp, line 366]

Events (10 events):
Event: 14.364 Thread 0x00007f7c2c1b0800 DEOPT UNPACKING pc=0x00007f7c1d047633 sp=0x00007f7c0fffde20 mode 0
Event: 14.381 Thread 0x00007f7c2c1b0800 DEOPT PACKING pc=0x00007f7c1d3f426c sp=0x00007f7c0fffe080
Event: 14.381 Thread 0x00007f7c2c1b0800 DEOPT UNPACKING pc=0x00007f7c1d047633 sp=0x00007f7c0fffdd80 mode 0
Event: 14.423 Thread 0x00007f7c2c1ab800 DEOPT PACKING pc=0x00007f7c1d4cf9e9 sp=0x00007f7c14395e50
Event: 14.423 Thread 0x00007f7c2c1ab800 DEOPT UNPACKING pc=0x00007f7c1d047633 sp=0x00007f7c14395ca0 mode 0
Event: 14.442 Thread 0x00007f7c2c1b0800 DEOPT PACKING pc=0x00007f7c1d3f426c sp=0x00007f7c0fffe080
Event: 14.442 Thread 0x00007f7c2c1b0800 DEOPT UNPACKING pc=0x00007f7c1d047633 sp=0x00007f7c0fffdd80 mode 0
Event: 14.443 Thread 0x00007f7c2c1b2800 DEOPT PACKING pc=0x00007f7c1d4cf9e9 sp=0x00007f7c0fefd050
Event: 14.443 Thread 0x00007f7c2c1b2800 DEOPT UNPACKING pc=0x00007f7c1d047633 sp=0x00007f7c0fefcea0 mode 0
Event: 14.458 Executing VM operation: ParallelGCFailedAllocation


Dynamic libraries:
00400000-00401000 r-xp 00000000 08:08 265629                             /usr/lib/jvm/java-8-oracle/bin/java
00600000-00601000 rw-p 00000000 08:08 265629                             /usr/lib/jvm/java-8-oracle/bin/java
01404000-01425000 rw-p 00000000 00:00 0                                  [heap]
c0000000-cd780000 rw-p 00000000 00:00 0 
d4800000-eab00000 ---p 00000000 00:00 0 
eab00000-100000000 rw-p 00000000 00:00 0 
100000000-1000c0000 rw-p 00000000 00:00 0 
1000c0000-140000000 ---p 00000000 00:00 0 
7f7bc8000000-7f7bc8034000 rw-p 00000000 00:00 0 
7f7bc8034000-7f7bcc000000 ---p 00000000 00:00 0 
7f7bd0000000-7f7bd0024000 rw-p 00000000 00:00 0 
7f7bd0024000-7f7bd4000000 ---p 00000000 00:00 0 
7f7bd4000000-7f7bd4021000 rw-p 00000000 00:00 0 
7f7bd4021000-7f7bd8000000 ---p 00000000 00:00 0 
7f7bd8000000-7f7bd803e000 rw-p 00000000 00:00 0 
7f7bd803e000-7f7bdc000000 ---p 00000000 00:00 0 
7f7bdc000000-7f7bdc021000 rw-p 00000000 00:00 0 
7f7bdc021000-7f7be0000000 ---p 00000000 00:00 0 
7f7be0000000-7f7be0021000 rw-p 00000000 00:00 0 
7f7be0021000-7f7be4000000 ---p 00000000 00:00 0 
7f7be4000000-7f7be4021000 rw-p 00000000 00:00 0 
7f7be4021000-7f7be8000000 ---p 00000000 00:00 0 
7f7be8000000-7f7be926e000 rw-p 00000000 00:00 0 
7f7be926e000-7f7bec000000 ---p 00000000 00:00 0 
7f7bec000000-7f7bec8df000 rw-p 00000000 00:00 0 
7f7bec8df000-7f7bf0000000 ---p 00000000 00:00 0 
7f7bf0000000-7f7bf0021000 rw-p 00000000 00:00 0 
7f7bf0021000-7f7bf4000000 ---p 00000000 00:00 0 
7f7bf4000000-7f7bf5806000 rw-p 00000000 00:00 0 
7f7bf5806000-7f7bf8000000 ---p 00000000 00:00 0 
7f7bf8000000-7f7bf8021000 rw-p 00000000 00:00 0 
7f7bf8021000-7f7bfc000000 ---p 00000000 00:00 0 
7f7bfc000000-7f7bfc021000 rw-p 00000000 00:00 0 
7f7bfc021000-7f7c00000000 ---p 00000000 00:00 0 
7f7c00000000-7f7c00021000 rw-p 00000000 00:00 0 
7f7c00021000-7f7c04000000 ---p 00000000 00:00 0 
7f7c04000000-7f7c042a5000 rw-p 00000000 00:00 0 
7f7c042a5000-7f7c08000000 ---p 00000000 00:00 0 
7f7c08000000-7f7c08021000 rw-p 00000000 00:00 0 
7f7c08021000-7f7c0c000000 ---p 00000000 00:00 0 
7f7c0fdfe000-7f7c0fe01000 ---p 00000000 00:00 0 
7f7c0fe01000-7f7c0feff000 rw-p 00000000 00:00 0                          [stack:5175]
7f7c0feff000-7f7c0ff02000 ---p 00000000 00:00 0 
7f7c0ff02000-7f7c10000000 rw-p 00000000 00:00 0                          [stack:5174]
7f7c10000000-7f7c10021000 rw-p 00000000 00:00 0 
7f7c10021000-7f7c14000000 ---p 00000000 00:00 0 
7f7c14095000-7f7c14098000 ---p 00000000 00:00 0 
7f7c14098000-7f7c14196000 rw-p 00000000 00:00 0                          [stack:5173]
7f7c14196000-7f7c14199000 ---p 00000000 00:00 0 
7f7c14199000-7f7c14297000 rw-p 00000000 00:00 0                          [stack:5172]
7f7c14297000-7f7c1429a000 ---p 00000000 00:00 0 
7f7c1429a000-7f7c14398000 rw-p 00000000 00:00 0                          [stack:5171]
7f7c14398000-7f7c143e8000 r--s 00406000 08:08 549112                     /home/aman/AndroidStudioProjects/Prendre/app/build/intermediates/multi-dex/debug/allclasses.jar
7f7c143e8000-7f7c143e9000 ---p 00000000 00:00 0 
7f7c143e9000-7f7c144e9000 rw-p 00000000 00:00 0                          [stack:5170]
7f7c144e9000-7f7c144ec000 ---p 00000000 00:00 0 
7f7c144ec000-7f7c145ea000 rw-p 00000000 00:00 0                          [stack:5169]
7f7c145ea000-7f7c145ed000 ---p 00000000 00:00 0 
7f7c145ed000-7f7c146eb000 rw-p 00000000 00:00 0                          [stack:5168]
7f7c146eb000-7f7c146ee000 ---p 00000000 00:00 0 
7f7c146ee000-7f7c147ec000 rw-p 00000000 00:00 0                          [stack:5167]
7f7c147ec000-7f7c147ef000 ---p 00000000 00:00 0 
7f7c147ef000-7f7c148ed000 rw-p 00000000 00:00 0                          [stack:5166]
7f7c148ed000-7f7c148f0000 ---p 00000000 00:00 0 
7f7c148f0000-7f7c149ee000 rw-p 00000000 00:00 0                          [stack:5165]
7f7c149ee000-7f7c150d0000 r--p 00000000 08:08 136075                     /usr/lib/locale/locale-archive
7f7c150d0000-7f7c150d3000 ---p 00000000 00:00 0 
7f7c150d3000-7f7c151d1000 rw-p 00000000 00:00 0                          [stack:5164]
7f7c151d1000-7f7c151d4000 ---p 00000000 00:00 0 
7f7c151d4000-7f7c152d2000 rw-p 00000000 00:00 0                          [stack:5163]
7f7c152d2000-7f7c152d3000 ---p 00000000 00:00 0 
7f7c152d3000-7f7c18000000 rw-p 00000000 00:00 0                          [stack:5162]
7f7c18000000-7f7c18021000 rw-p 00000000 00:00 0 
7f7c18021000-7f7c1c000000 ---p 00000000 00:00 0 
7f7c1c002000-7f7c1c326000 rw-p 00000000 00:00 0 
7f7c1c326000-7f7c1c4ff000 r--s 03d20000 08:08 276953                     /usr/lib/jvm/java-8-oracle/jre/lib/rt.jar
7f7c1c4ff000-7f7c1cbbf000 rw-p 00000000 00:00 0 
7f7c1cbbf000-7f7c1ccff000 ---p 00000000 00:00 0 
7f7c1ccff000-7f7c1ceff000 rw-p 00000000 00:00 0 
7f7c1ceff000-7f7c1cf00000 ---p 00000000 00:00 0 
7f7c1cf00000-7f7c1d000000 rw-p 00000000 00:00 0                          [stack:5161]
7f7c1d000000-7f7c1da50000 rwxp 00000000 00:00 0 
7f7c1da50000-7f7c2c000000 ---p 00000000 00:00 0 
7f7c2c000000-7f7c2c3ba000 rw-p 00000000 00:00 0 
7f7c2c3ba000-7f7c30000000 ---p 00000000 00:00 0 
7f7c30014000-7f7c300fa000 rw-p 00000000 00:00 0 
7f7c300fa000-7f7c300fb000 ---p 00000000 00:00 0 
7f7c300fb000-7f7c301fb000 rw-p 00000000 00:00 0                          [stack:5160]
7f7c301fb000-7f7c301fc000 ---p 00000000 00:00 0 
7f7c301fc000-7f7c302fc000 rw-p 00000000 00:00 0                          [stack:5159]
7f7c302fc000-7f7c302fd000 ---p 00000000 00:00 0 
7f7c302fd000-7f7c30469000 rw-p 00000000 00:00 0                          [stack:5158]
7f7c30469000-7f7c30553000 ---p 00000000 00:00 0 
7f7c30553000-7f7c305bf000 rw-p 00000000 00:00 0 
7f7c305bf000-7f7c306a8000 ---p 00000000 00:00 0 
7f7c306a8000-7f7c30753000 rw-p 00000000 00:00 0 
7f7c30753000-7f7c3077e000 rw-p 00000000 00:00 0 
7f7c3077e000-7f7c30b14000 ---p 00000000 00:00 0 
7f7c30b14000-7f7c30b2e000 r-xp 00000000 08:08 277153                     /usr/lib/jvm/java-8-oracle/jre/lib/amd64/libzip.so
7f7c30b2e000-7f7c30d2e000 ---p 0001a000 08:08 277153                     /usr/lib/jvm/java-8-oracle/jre/lib/amd64/libzip.so
7f7c30d2e000-7f7c30d2f000 rw-p 0001a000 08:08 277153                     /usr/lib/jvm/java-8-oracle/jre/lib/amd64/libzip.so
7f7c30d2f000-7f7c30d3b000 r-xp 00000000 08:08 1315796                    /lib/x86_64-linux-gnu/libnss_files-2.21.so
7f7c30d3b000-7f7c30f3a000 ---p 0000c000 08:08 1315796                    /lib/x86_64-linux-gnu/libnss_files-2.21.so
7f7c30f3a000-7f7c30f3b000 r--p 0000b000 08:08 1315796                    /lib/x86_64-linux-gnu/libnss_files-2.21.so
7f7c30f3b000-7f7c30f3c000 rw-p 0000c000 08:08 1315796                    /lib/x86_64-linux-gnu/libnss_files-2.21.so
7f7c30f3c000-7f7c30f47000 r-xp 00000000 08:08 1315806                    /lib/x86_64-linux-gnu/libnss_nis-2.21.so
7f7c30f47000-7f7c31146000 ---p 0000b000 08:08 1315806                    /lib/x86_64-linux-gnu/libnss_nis-2.21.so
7f7c31146000-7f7c31147000 r--p 0000a000 08:08 1315806                    /lib/x86_64-linux-gnu/libnss_nis-2.21.so
7f7c31147000-7f7c31148000 rw-p 0000b000 08:08 1315806                    /lib/x86_64-linux-gnu/libnss_nis-2.21.so
7f7c31148000-7f7c3115f000 r-xp 00000000 08:08 1315790                    /lib/x86_64-linux-gnu/libnsl-2.21.so
7f7c3115f000-7f7c3135e000 ---p 00017000 08:08 1315790                    /lib/x86_64-linux-gnu/libnsl-2.21.so
7f7c3135e000-7f7c3135f000 r--p 00016000 08:08 1315790                    /lib/x86_64-linux-gnu/libnsl-2.21.so
7f7c3135f000-7f7c31360000 rw-p 00017000 08:08 1315790                    /lib/x86_64-linux-gnu/libnsl-2.21.so
7f7c31360000-7f7c31362000 rw-p 00000000 00:00 0 
7f7c31362000-7f7c3136a000 r-xp 00000000 08:08 1315792                    /lib/x86_64-linux-gnu/libnss_compat-2.21.so
7f7c3136a000-7f7c31569000 ---p 00008000 08:08 1315792                    /lib/x86_64-linux-gnu/libnss_compat-2.21.so
7f7c31569000-7f7c3156a000 r--p 00007000 08:08 1315792                    /lib/x86_64-linux-gnu/libnss_compat-2.21.so
7f7c3156a000-7f7c3156b000 rw-p 00008000 08:08 1315792                    /lib/x86_64-linux-gnu/libnss_compat-2.21.so
7f7c3156b000-7f7c31595000 r-xp 00000000 08:08 277148                     /usr/lib/jvm/java-8-oracle/jre/lib/amd64/libjava.so
7f7c31595000-7f7c31795000 ---p 0002a000 08:08 277148                     /usr/lib/jvm/java-8-oracle/jre/lib/amd64/libjava.so
7f7c31795000-7f7c31797000 rw-p 0002a000 08:08 277148                     /usr/lib/jvm/java-8-oracle/jre/lib/amd64/libjava.so
7f7c31797000-7f7c317a4000 r-xp 00000000 08:08 277152                     /usr/lib/jvm/java-8-oracle/jre/lib/amd64/libverify.so
7f7c317a4000-7f7c319a4000 ---p 0000d000 08:08 277152                     /usr/lib/jvm/java-8-oracle/jre/lib/amd64/libverify.so
7f7c319a4000-7f7c319a6000 rw-p 0000d000 08:08 277152                     /usr/lib/jvm/java-8-oracle/jre/lib/amd64/libverify.so
7f7c319a6000-7f7c319ad000 r-xp 00000000 08:08 1315851                    /lib/x86_64-linux-gnu/librt-2.21.so
7f7c319ad000-7f7c31bac000 ---p 00007000 08:08 1315851                    /lib/x86_64-linux-gnu/librt-2.21.so
7f7c31bac000-7f7c31bad000 r--p 00006000 08:08 1315851                    /lib/x86_64-linux-gnu/librt-2.21.so
7f7c31bad000-7f7c31bae000 rw-p 00007000 08:08 1315851                    /lib/x86_64-linux-gnu/librt-2.21.so
7f7c31bae000-7f7c31cb5000 r-xp 00000000 08:08 1315769                    /lib/x86_64-linux-gnu/libm-2.21.so
7f7c31cb5000-7f7c31eb4000 ---p 00107000 08:08 1315769                    /lib/x86_64-linux-gnu/libm-2.21.so
7f7c31eb4000-7f7c31eb5000 r--p 00106000 08:08 1315769                    /lib/x86_64-linux-gnu/libm-2.21.so
7f7c31eb5000-7f7c31eb6000 rw-p 00107000 08:08 1315769                    /lib/x86_64-linux-gnu/libm-2.21.so
7f7c31eb6000-7f7c32b74000 r-xp 00000000 08:08 277131                     /usr/lib/jvm/java-8-oracle/jre/lib/amd64/server/libjvm.so
7f7c32b74000-7f7c32d73000 ---p 00cbe000 08:08 277131                     /usr/lib/jvm/java-8-oracle/jre/lib/amd64/server/libjvm.so
7f7c32d73000-7f7c32e4c000 rw-p 00cbd000 08:08 277131                     /usr/lib/jvm/java-8-oracle/jre/lib/amd64/server/libjvm.so
7f7c32e4c000-7f7c32e90000 rw-p 00000000 00:00 0 
7f7c32e90000-7f7c33050000 r-xp 00000000 08:08 1315710                    /lib/x86_64-linux-gnu/libc-2.21.so
7f7c33050000-7f7c33250000 ---p 001c0000 08:08 1315710                    /lib/x86_64-linux-gnu/libc-2.21.so
7f7c33250000-7f7c33254000 r--p 001c0000 08:08 1315710                    /lib/x86_64-linux-gnu/libc-2.21.so
7f7c33254000-7f7c33256000 rw-p 001c4000 08:08 1315710                    /lib/x86_64-linux-gnu/libc-2.21.so
7f7c33256000-7f7c3325a000 rw-p 00000000 00:00 0 
7f7c3325a000-7f7c3325d000 r-xp 00000000 08:08 1315727                    /lib/x86_64-linux-gnu/libdl-2.21.so
7f7c3325d000-7f7c3345c000 ---p 00003000 08:08 1315727                    /lib/x86_64-linux-gnu/libdl-2.21.so
7f7c3345c000-7f7c3345d000 r--p 00002000 08:08 1315727                    /lib/x86_64-linux-gnu/libdl-2.21.so
7f7c3345d000-7f7c3345e000 rw-p 00003000 08:08 1315727                    /lib/x86_64-linux-gnu/libdl-2.21.so
7f7c3345e000-7f7c33473000 r-xp 00000000 08:08 276768                     /usr/lib/jvm/java-8-oracle/lib/amd64/jli/libjli.so
7f7c33473000-7f7c33673000 ---p 00015000 08:08 276768                     /usr/lib/jvm/java-8-oracle/lib/amd64/jli/libjli.so
7f7c33673000-7f7c33674000 rw-p 00015000 08:08 276768                     /usr/lib/jvm/java-8-oracle/lib/amd64/jli/libjli.so
7f7c33674000-7f7c3368c000 r-xp 00000000 08:08 1315843                    /lib/x86_64-linux-gnu/libpthread-2.21.so
7f7c3368c000-7f7c3388c000 ---p 00018000 08:08 1315843                    /lib/x86_64-linux-gnu/libpthread-2.21.so
7f7c3388c000-7f7c3388d000 r--p 00018000 08:08 1315843                    /lib/x86_64-linux-gnu/libpthread-2.21.so
7f7c3388d000-7f7c3388e000 rw-p 00019000 08:08 1315843                    /lib/x86_64-linux-gnu/libpthread-2.21.so
7f7c3388e000-7f7c33892000 rw-p 00000000 00:00 0 
7f7c33892000-7f7c338b6000 r-xp 00000000 08:08 1315682                    /lib/x86_64-linux-gnu/ld-2.21.so
7f7c338bb000-7f7c33994000 rw-p 00000000 00:00 0 
7f7c33994000-7f7c33997000 ---p 00000000 00:00 0 
7f7c33997000-7f7c33a9a000 rw-p 00000000 00:00 0                          [stack:5157]
7f7c33a9a000-7f7c33aa9000 r--s 000df000 08:06 340803                     /media/aman/Backup/Setups/android-sdk-linux/build-tools/23.0.2/lib/dx.jar
7f7c33aa9000-7f7c33ab1000 rw-s 00000000 08:08 1066040                    /tmp/hsperfdata_root/5153
7f7c33ab1000-7f7c33ab2000 rw-p 00000000 00:00 0 
7f7c33ab2000-7f7c33ab3000 ---p 00000000 00:00 0 
7f7c33ab3000-7f7c33ab5000 rw-p 00000000 00:00 0 
7f7c33ab5000-7f7c33ab6000 r--p 00023000 08:08 1315682                    /lib/x86_64-linux-gnu/ld-2.21.so
7f7c33ab6000-7f7c33ab7000 rw-p 00024000 08:08 1315682                    /lib/x86_64-linux-gnu/ld-2.21.so
7f7c33ab7000-7f7c33ab8000 rw-p 00000000 00:00 0 
7ffe358ed000-7ffe3590e000 rw-p 00000000 00:00 0                          [stack]
7ffe3595b000-7ffe3595d000 r--p 00000000 00:00 0                          [vvar]
7ffe3595d000-7ffe3595f000 r-xp 00000000 00:00 0                          [vdso]
ffffffffff600000-ffffffffff601000 r-xp 00000000 00:00 0                  [vsyscall]

VM Arguments:
jvm_args: -Xmx1024M -Dfile.encoding=UTF-8 -Duser.country=IN -Duser.language=en -Duser.variant 
java_command: com.android.dx.command.Main --dex --num-threads=4 --multi-dex --main-dex-list /home/aman/AndroidStudioProjects/Prendre/app/build/intermediates/multi-dex/debug/maindexlist.txt --output /home/aman/AndroidStudioProjects/Prendre/app/build/intermediates/dex/debug /home/aman/AndroidStudioProjects/Prendre/app/build/intermediates/multi-dex/debug/allclasses.jar
java_class_path (initial): /media/aman/Backup/Setups/android-sdk-linux/build-tools/23.0.2/lib/dx.jar
Launcher Type: SUN_STANDARD

Environment Variables:
JAVA_HOME=/usr/lib/jvm/java-8-oracle
PATH=/usr/local/sbin:/usr/local/bin:/usr/sbin:/usr/bin:/sbin:/bin:/usr/lib/jvm/java-8-oracle/bin:/usr/lib/jvm/java-8-oracle/db/bin:/usr/lib/jvm/java-8-oracle/jre/bin
USERNAME=root
LD_LIBRARY_PATH=.:
SHELL=/bin/bash
DISPLAY=:0

Signal Handlers:
SIGSEGV: [libjvm.so+0xaba2a0], sa_mask[0]=11111111011111111101111111111110, sa_flags=SA_RESTART|SA_SIGINFO
SIGBUS: [libjvm.so+0xaba2a0], sa_mask[0]=11111111011111111101111111111110, sa_flags=SA_RESTART|SA_SIGINFO
SIGFPE: [libjvm.so+0x917710], sa_mask[0]=11111111011111111101111111111110, sa_flags=SA_RESTART|SA_SIGINFO
SIGPIPE: [libjvm.so+0x917710], sa_mask[0]=11111111011111111101111111111110, sa_flags=SA_RESTART|SA_SIGINFO
SIGXFSZ: [libjvm.so+0x917710], sa_mask[0]=11111111011111111101111111111110, sa_flags=SA_RESTART|SA_SIGINFO
SIGILL: [libjvm.so+0x917710], sa_mask[0]=11111111011111111101111111111110, sa_flags=SA_RESTART|SA_SIGINFO
SIGUSR1: SIG_DFL, sa_mask[0]=00000000000000000000000000000000, sa_flags=none
SIGUSR2: [libjvm.so+0x918d40], sa_mask[0]=00100000000000000000000000000000, sa_flags=SA_RESTART|SA_SIGINFO
SIGHUP: [libjvm.so+0x91a140], sa_mask[0]=11111111011111111101111111111110, sa_flags=SA_RESTART|SA_SIGINFO
SIGINT: [libjvm.so+0x91a140], sa_mask[0]=11111111011111111101111111111110, sa_flags=SA_RESTART|SA_SIGINFO
SIGTERM: [libjvm.so+0x91a140], sa_mask[0]=11111111011111111101111111111110, sa_flags=SA_RESTART|SA_SIGINFO
SIGQUIT: [libjvm.so+0x91a140], sa_mask[0]=11111111011111111101111111111110, sa_flags=SA_RESTART|SA_SIGINFO


---------------  S Y S T E M  ---------------

OS:DISTRIB_ID=Ubuntu
DISTRIB_RELEASE=15.04
DISTRIB_CODENAME=vivid
DISTRIB_DESCRIPTION="Ubuntu 15.04"

uname:Linux 3.19.0-15-generic #15-Ubuntu SMP Thu Apr 16 23:32:37 UTC 2015 x86_64
libc:glibc 2.21 NPTL 2.21 
rlimit: STACK 8192k, CORE 0k, NPROC 15186, NOFILE 65536, AS infinity
load average:2.84 1.51 1.25

/proc/meminfo:
MemTotal:        3975428 kB
MemFree:          109864 kB
MemAvailable:      60836 kB
Buffers:            1128 kB
Cached:           311712 kB
SwapCached:            0 kB
Active:          3423432 kB
Inactive:         280300 kB
Active(anon):    3402896 kB
Inactive(anon):   262816 kB
Active(file):      20536 kB
Inactive(file):    17484 kB
Unevictable:          32 kB
Mlocked:              32 kB
SwapTotal:             0 kB
SwapFree:              0 kB
Dirty:              5504 kB
Writeback:             0 kB
AnonPages:       3391248 kB
Mapped:           103644 kB
Shmem:            274496 kB
Slab:              71084 kB
SReclaimable:      32852 kB
SUnreclaim:        38232 kB
KernelStack:       10464 kB
PageTables:        41860 kB
NFS_Unstable:          0 kB
Bounce:                0 kB
WritebackTmp:          0 kB
CommitLimit:     1987712 kB
Committed_AS:    7443208 kB
VmallocTotal:   34359738367 kB
VmallocUsed:      544468 kB
VmallocChunk:   34359100744 kB
HardwareCorrupted:     0 kB
AnonHugePages:   1544192 kB
CmaTotal:              0 kB
CmaFree:               0 kB
HugePages_Total:       0
HugePages_Free:        0
HugePages_Rsvd:        0
HugePages_Surp:        0
Hugepagesize:       2048 kB
DirectMap4k:      164480 kB
DirectMap2M:     2910208 kB
DirectMap1G:     2097152 kB


CPU:total 4 (2 cores per cpu, 2 threads per core) family 6 model 69 stepping 1, cmov, cx8, fxsr, mmx, sse, sse2, sse3, ssse3, sse4.1, sse4.2, popcnt, avx, avx2, aes, clmul, erms, lzcnt, ht, tsc, tscinvbit, bmi1, bmi2

/proc/cpuinfo:
processor	: 0
vendor_id	: GenuineIntel
cpu family	: 6
model		: 69
model name	: Intel(R) Core(TM) i3-4010U CPU @ 1.70GHz
stepping	: 1
microcode	: 0x1c
cpu MHz		: 928.824
cache size	: 3072 KB
physical id	: 0
siblings	: 4
core id		: 0
cpu cores	: 2
apicid		: 0
initial apicid	: 0
fpu		: yes
fpu_exception	: yes
cpuid level	: 13
wp		: yes
flags		: fpu vme de pse tsc msr pae mce cx8 apic sep mtrr pge mca cmov pat pse36 clflush dts acpi mmx fxsr sse sse2 ss ht tm pbe syscall nx pdpe1gb rdtscp lm constant_tsc arch_perfmon pebs bts rep_good nopl xtopology nonstop_tsc aperfmperf eagerfpu pni pclmulqdq dtes64 monitor ds_cpl vmx est tm2 ssse3 fma cx16 xtpr pdcm pcid sse4_1 sse4_2 x2apic movbe popcnt tsc_deadline_timer aes xsave avx f16c rdrand lahf_lm abm arat epb pln pts dtherm tpr_shadow vnmi flexpriority ept vpid fsgsbase tsc_adjust bmi1 avx2 smep bmi2 erms invpcid xsaveopt
bugs		:
bogomips	: 3392.36
clflush size	: 64
cache_alignment	: 64
address sizes	: 39 bits physical, 48 bits virtual
power management:

processor	: 1
vendor_id	: GenuineIntel
cpu family	: 6
model		: 69
model name	: Intel(R) Core(TM) i3-4010U CPU @ 1.70GHz
stepping	: 1
microcode	: 0x1c
cpu MHz		: 817.328
cache size	: 3072 KB
physical id	: 0
siblings	: 4
core id		: 0
cpu cores	: 2
apicid		: 1
initial apicid	: 1
fpu		: yes
fpu_exception	: yes
cpuid level	: 13
wp		: yes
flags		: fpu vme de pse tsc msr pae mce cx8 apic sep mtrr pge mca cmov pat pse36 clflush dts acpi mmx fxsr sse sse2 ss ht tm pbe syscall nx pdpe1gb rdtscp lm constant_tsc arch_perfmon pebs bts rep_good nopl xtopology nonstop_tsc aperfmperf eagerfpu pni pclmulqdq dtes64 monitor ds_cpl vmx est tm2 ssse3 fma cx16 xtpr pdcm pcid sse4_1 sse4_2 x2apic movbe popcnt tsc_deadline_timer aes xsave avx f16c rdrand lahf_lm abm arat epb pln pts dtherm tpr_shadow vnmi flexpriority ept vpid fsgsbase tsc_adjust bmi1 avx2 smep bmi2 erms invpcid xsaveopt
bugs		:
bogomips	: 3392.36
clflush size	: 64
cache_alignment	: 64
address sizes	: 39 bits physical, 48 bits virtual
power management:

processor	: 2
vendor_id	: GenuineIntel
cpu family	: 6
model		: 69
model name	: Intel(R) Core(TM) i3-4010U CPU @ 1.70GHz
stepping	: 1
microcode	: 0x1c
cpu MHz		: 878.886
cache size	: 3072 KB
physical id	: 0
siblings	: 4
core id		: 1
cpu cores	: 2
apicid		: 2
initial apicid	: 2
fpu		: yes
fpu_exception	: yes
cpuid level	: 13
wp		: yes
flags		: fpu vme de pse tsc msr pae mce cx8 apic sep mtrr pge mca cmov pat pse36 clflush dts acpi mmx fxsr sse sse2 ss ht tm pbe syscall nx pdpe1gb rdtscp lm constant_tsc arch_perfmon pebs bts rep_good nopl xtopology nonstop_tsc aperfmperf eagerfpu pni pclmulqdq dtes64 monitor ds_cpl vmx est tm2 ssse3 fma cx16 xtpr pdcm pcid sse4_1 sse4_2 x2apic movbe popcnt tsc_deadline_timer aes xsave avx f16c rdrand lahf_lm abm arat epb pln pts dtherm tpr_shadow vnmi flexpriority ept vpid fsgsbase tsc_adjust bmi1 avx2 smep bmi2 erms invpcid xsaveopt
bugs		:
bogomips	: 3392.36
clflush size	: 64
cache_alignment	: 64
address sizes	: 39 bits physical, 48 bits virtual
power management:

processor	: 3
vendor_id	: GenuineIntel
cpu family	: 6
model		: 69
model name	: Intel(R) Core(TM) i3-4010U CPU @ 1.70GHz
stepping	: 1
microcode	: 0x1c
cpu MHz		: 995.031
cache size	: 3072 KB
physical id	: 0
siblings	: 4
core id		: 1
cpu cores	: 2
apicid		: 3
initial apicid	: 3
fpu		: yes
fpu_exception	: yes
cpuid level	: 13
wp		: yes
flags		: fpu vme de pse tsc msr pae mce cx8 apic sep mtrr pge mca cmov pat pse36 clflush dts acpi mmx fxsr sse sse2 ss ht tm pbe syscall nx pdpe1gb rdtscp lm constant_tsc arch_perfmon pebs bts rep_good nopl xtopology nonstop_tsc aperfmperf eagerfpu pni pclmulqdq dtes64 monitor ds_cpl vmx est tm2 ssse3 fma cx16 xtpr pdcm pcid sse4_1 sse4_2 x2apic movbe popcnt tsc_deadline_timer aes xsave avx f16c rdrand lahf_lm abm arat epb pln pts dtherm tpr_shadow vnmi flexpriority ept vpid fsgsbase tsc_adjust bmi1 avx2 smep bmi2 erms invpcid xsaveopt
bugs		:
bogomips	: 3392.36
clflush size	: 64
cache_alignment	: 64
address sizes	: 39 bits physical, 48 bits virtual
power management:



Memory: 4k page, physical 3975428k(109864k free), swap 0k(0k free)

vm_info: Java HotSpot(TM) 64-Bit Server VM (25.66-b17) for linux-amd64 JRE (1.8.0_66-b17), built on Oct  6 2015 17:28:34 by "java_re" with gcc 4.3.0 20080428 (Red Hat 4.3.0-8)

time: Wed Feb 10 01:43:10 2016
elapsed time: 18 seconds (0d 0h 0m 18s)

